<?xml version="1.0" encoding="UTF-8"?>
<!-- Generated by org.testng.reporters.JUnitReportReporter -->
<testsuite hostname="user-PC" failures="0" tests="1" name="cucumberOptions.TestRunner" time="225.503" errors="0" timestamp="2021-07-23T21:49:22 IST" skipped="0">
  <testcase classname="cucumberOptions.TestRunner" name="feature" time="225.503"/>
  <system-out/>
</testsuite> <!-- cucumberOptions.TestRunner -->
